2025-10-24 00:50:33, MOVE, v:1, k:poo@motoca, mode:PICK
2025-10-24 00:50:40, EXEC, v:1, k:poo@motoca, mode:FULL, rate:0, size:160
2025-10-24 00:51:26, EXEC, v:1, k:poo@motoca, mode:FREE
2025-10-24 00:51:44, EXEC, v:1, k:poo@motoca, mode:FULL, rate:0, size:162
2025-10-24 00:53:56, EXEC, v:1, k:poo@motoca, mode:FULL, rate:0, size:164
2025-10-24 00:54:53, EXEC, v:1, k:poo@motoca, mode:FREE
2025-10-24 00:55:07, EXEC, v:1, k:poo@motoca, mode:FULL, rate:6, size:162
2025-10-24 00:55:36, EXEC, v:1, k:poo@motoca, mode:FULL, rate:13, size:162
2025-10-24 00:58:32, EXEC, v:1, k:poo@motoca, mode:FULL, rate:0, size:171
2025-10-24 00:59:12, EXEC, v:1, k:poo@motoca, mode:FULL, rate:0, size:172
2025-10-24 00:59:57, EXEC, v:1, k:poo@motoca, mode:FULL, rate:13, size:172
2025-10-24 01:01:28, EXEC, v:1, k:poo@motoca, mode:FREE, size:179
2025-10-24 01:02:25, MOVE, v:1, k:poo@motoca, mode:PICK
2025-10-24 01:02:25, EXEC, v:1, k:poo@motoca, mode:FREE, size:179
2025-10-24 01:03:13, EXEC, v:1, k:poo@motoca, mode:FREE, size:180
2025-10-24 01:04:35, EXEC, v:1, k:poo@motoca, mode:FULL, rate:13
2025-10-24 01:06:48, EXEC, v:1, k:poo@motoca, mode:FULL, rate:13, size:180
2025-10-24 01:08:54, EXEC, v:1, k:poo@motoca, mode:FULL, rate:93, size:181
2025-10-24 01:09:46, EXEC, v:1, k:poo@motoca, mode:FULL, rate:93, size:182
2025-10-24 01:10:54, EXEC, v:1, k:poo@motoca, mode:FULL, rate:93, size:182
2025-10-24 01:17:04, EXEC, v:1, k:poo@motoca, mode:FULL, rate:33, size:189
2025-10-24 01:17:32, EXEC, v:1, k:poo@motoca, mode:FULL, rate:33, size:189
2025-10-24 01:18:32, EXEC, v:1, k:poo@motoca, mode:FULL, rate:93, size:190
2025-10-24 01:19:25, EXEC, v:1, k:poo@motoca, mode:FREE
2025-10-24 01:23:17, EXEC, v:1, k:poo@motoca, mode:FULL, rate:100, size:180
2025-10-24 01:23:23, MOVE, v:1, k:poo@motoca, mode:BACK
2025-10-24 01:24:17, SELF, v:1, k:poo@motoca, rate:100, iagen:s, alone:6, study:210
2025-10-24 01:24:27, MOVE, v:1, k:poo@tamagotchi, mode:DOWN
